{"C:\\Users\\RENYA HISAMATSU\\Desktop\\gitHub\\ChatApp\\backend\\src\\middleware\\cors.ts": {"path":"C:\\Users\\RENYA HISAMATSU\\Desktop\\gitHub\\ChatApp\\backend\\src\\middleware\\cors.ts","statementMap":{"0":{"start":{"line":5,"column":0},"end":{"line":22,"column":1}},"1":{"start":{"line":7,"column":4},"end":{"line":7,"column":48}},"2":{"start":{"line":8,"column":4},"end":{"line":8,"column":42}},"3":{"start":{"line":9,"column":4},"end":{"line":9,"column":10}},"4":{"start":{"line":11,"column":4},"end":{"line":11,"column":48}},"5":{"start":{"line":12,"column":4},"end":{"line":12,"column":42}},"6":{"start":{"line":13,"column":4},"end":{"line":13,"column":10}},"7":{"start":{"line":15,"column":4},"end":{"line":15,"column":48}},"8":{"start":{"line":16,"column":4},"end":{"line":16,"column":42}},"9":{"start":{"line":17,"column":4},"end":{"line":17,"column":10}},"10":{"start":{"line":19,"column":4},"end":{"line":19,"column":29}},"11":{"start":{"line":20,"column":4},"end":{"line":20,"column":26}},"12":{"start":{"line":21,"column":4},"end":{"line":21,"column":10}},"13":{"start":{"line":24,"column":34},"end":{"line":24,"column":36}},"14":{"start":{"line":25,"column":0},"end":{"line":27,"column":1}},"15":{"start":{"line":26,"column":2},"end":{"line":26,"column":36}},"16":{"start":{"line":28,"column":0},"end":{"line":30,"column":1}},"17":{"start":{"line":29,"column":2},"end":{"line":29,"column":33}},"18":{"start":{"line":33,"column":0},"end":{"line":35,"column":1}},"19":{"start":{"line":34,"column":2},"end":{"line":34,"column":60}},"20":{"start":{"line":37,"column":13},"end":{"line":40,"column":null}}},"fnMap":{},"branchMap":{"0":{"loc":{"start":{"line":5,"column":0},"end":{"line":22,"column":1}},"type":"switch","locations":[{"start":{"line":6,"column":2},"end":{"line":9,"column":10}},{"start":{"line":10,"column":2},"end":{"line":13,"column":10}},{"start":{"line":14,"column":2},"end":{"line":17,"column":10}},{"start":{"line":18,"column":2},"end":{"line":21,"column":10}}]},"1":{"loc":{"start":{"line":25,"column":0},"end":{"line":27,"column":1}},"type":"if","locations":[{"start":{"line":25,"column":0},"end":{"line":27,"column":1}},{"start":{},"end":{}}]},"2":{"loc":{"start":{"line":28,"column":0},"end":{"line":30,"column":1}},"type":"if","locations":[{"start":{"line":28,"column":0},"end":{"line":30,"column":1}},{"start":{},"end":{}}]},"3":{"loc":{"start":{"line":33,"column":0},"end":{"line":35,"column":1}},"type":"if","locations":[{"start":{"line":33,"column":0},"end":{"line":35,"column":1}},{"start":{},"end":{}}]}},"s":{"0":4,"1":1,"2":1,"3":1,"4":1,"5":1,"6":1,"7":1,"8":1,"9":1,"10":1,"11":1,"12":1,"13":4,"14":4,"15":3,"16":4,"17":3,"18":4,"19":1,"20":4},"f":{},"b":{"0":[1,1,1,1],"1":[3,1],"2":[3,1],"3":[1,3]}}
}
